{"/Users/thiagokachinsky/Documents/React/contacts-tjk-full/front/src/App.tsx": {"path":"/Users/thiagokachinsky/Documents/React/contacts-tjk-full/front/src/App.tsx","statementMap":{"0":{"start":{"line":1,"column":0},"end":{"line":1,"column":61}},"1":{"start":{"line":2,"column":0},"end":{"line":2,"column":52}},"2":{"start":{"line":3,"column":0},"end":{"line":3,"column":55}},"3":{"start":{"line":5,"column":0},"end":{"line":5,"column":36}},"4":{"start":{"line":6,"column":0},"end":{"line":6,"column":44}},"5":{"start":{"line":7,"column":0},"end":{"line":7,"column":49}},"6":{"start":{"line":8,"column":0},"end":{"line":8,"column":44}},"7":{"start":{"line":11,"column":26},"end":{"line":11,"column":71}},"8":{"start":{"line":12,"column":25},"end":{"line":12,"column":57}},"9":{"start":{"line":13,"column":26},"end":{"line":13,"column":87}},"10":{"start":{"line":14,"column":34},"end":{"line":14,"column":59}},"11":{"start":{"line":16,"column":25},"end":{"line":20,"column":3}},"12":{"start":{"line":17,"column":24},"end":{"line":17,"column":33}},"13":{"start":{"line":18,"column":4},"end":{"line":18,"column":29}},"14":{"start":{"line":19,"column":4},"end":{"line":19,"column":66}},"15":{"start":{"line":22,"column":2},"end":{"line":24,"column":17}},"16":{"start":{"line":23,"column":4},"end":{"line":23,"column":63}},"17":{"start":{"line":26,"column":2},"end":{"line":35,"column":null}},"18":{"start":{"line":38,"column":0},"end":{"line":38,"column":null}}},"fnMap":{"0":{"name":"App","decl":{"start":{"line":10,"column":9},"end":{"line":10,"column":12}},"loc":{"start":{"line":10,"column":12},"end":{"line":36,"column":1}}},"1":{"name":"(anonymous_1)","decl":{"start":{"line":16,"column":25},"end":{"line":16,"column":28}},"loc":{"start":{"line":16,"column":30},"end":{"line":20,"column":3}}},"2":{"name":"(anonymous_2)","decl":{"start":{"line":22,"column":12},"end":{"line":22,"column":15}},"loc":{"start":{"line":22,"column":17},"end":{"line":24,"column":3}}}},"branchMap":{"0":{"loc":{"start":{"line":13,"column":26},"end":{"line":13,"column":87}},"type":"cond-expr","locations":[{"start":{"line":13,"column":43},"end":{"line":13,"column":69}},{"start":{"line":13,"column":72},"end":{"line":13,"column":87}}]},"1":{"loc":{"start":{"line":27,"column":26},"end":{"line":27,"column":59}},"type":"cond-expr","locations":[{"start":{"line":27,"column":37},"end":{"line":27,"column":46}},{"start":{"line":27,"column":49},"end":{"line":27,"column":59}}]}},"s":{"0":0,"1":0,"2":0,"3":0,"4":0,"5":0,"6":0,"7":0,"8":0,"9":0,"10":0,"11":0,"12":0,"13":0,"14":0,"15":0,"16":0,"17":0,"18":0},"f":{"0":0,"1":0,"2":0},"b":{"0":[0,0],"1":[0,0]}}
,"/Users/thiagokachinsky/Documents/React/contacts-tjk-full/front/src/main.tsx": {"path":"/Users/thiagokachinsky/Documents/React/contacts-tjk-full/front/src/main.tsx","statementMap":{"0":{"start":{"line":1,"column":0},"end":{"line":1,"column":25}},"1":{"start":{"line":2,"column":0},"end":{"line":2,"column":39}},"2":{"start":{"line":3,"column":0},"end":{"line":3,"column":27}},"3":{"start":{"line":4,"column":0},"end":{"line":4,"column":49}},"4":{"start":{"line":6,"column":0},"end":{"line":12,"column":null}}},"fnMap":{},"branchMap":{},"s":{"0":0,"1":0,"2":0,"3":0,"4":0},"f":{},"b":{}}
,"/Users/thiagokachinsky/Documents/React/contacts-tjk-full/front/src/components/BackdropLoading/index.tsx": {"path":"/Users/thiagokachinsky/Documents/React/contacts-tjk-full/front/src/components/BackdropLoading/index.tsx","statementMap":{"0":{"start":{"line":1,"column":0},"end":{"line":1,"column":59}},"1":{"start":{"line":8,"column":2},"end":{"line":15,"column":null}},"2":{"start":{"line":10,"column":46},"end":{"line":10,"column":69}},"3":{"start":{"line":7,"column":0},"end":{"line":7,"column":16}}},"fnMap":{"0":{"name":"BackdropLoading","decl":{"start":{"line":7,"column":16},"end":{"line":7,"column":31}},"loc":{"start":{"line":7,"column":67},"end":{"line":16,"column":1}}},"1":{"name":"(anonymous_1)","decl":{"start":{"line":10,"column":35},"end":{"line":10,"column":36}},"loc":{"start":{"line":10,"column":46},"end":{"line":10,"column":69}}}},"branchMap":{},"s":{"0":0,"1":0,"2":0,"3":0},"f":{"0":0,"1":0},"b":{}}
,"/Users/thiagokachinsky/Documents/React/contacts-tjk-full/front/src/components/ContactCard/index.tsx": {"path":"/Users/thiagokachinsky/Documents/React/contacts-tjk-full/front/src/components/ContactCard/index.tsx","statementMap":{"0":{"start":{"line":1,"column":0},"end":{"line":1,"column":33}},"1":{"start":{"line":2,"column":0},"end":{"line":2,"column":76}},"2":{"start":{"line":3,"column":0},"end":{"line":3,"column":82}},"3":{"start":{"line":4,"column":0},"end":{"line":4,"column":78}},"4":{"start":{"line":5,"column":0},"end":{"line":5,"column":66}},"5":{"start":{"line":6,"column":0},"end":{"line":6,"column":90}},"6":{"start":{"line":8,"column":0},"end":{"line":8,"column":59}},"7":{"start":{"line":9,"column":0},"end":{"line":9,"column":52}},"8":{"start":{"line":11,"column":0},"end":{"line":11,"column":47}},"9":{"start":{"line":19,"column":19},"end":{"line":19,"column":32}},"10":{"start":{"line":21,"column":26},"end":{"line":21,"column":41}},"11":{"start":{"line":22,"column":25},"end":{"line":22,"column":60}},"12":{"start":{"line":24,"column":21},"end":{"line":24,"column":40}},"13":{"start":{"line":24,"column":27},"end":{"line":24,"column":40}},"14":{"start":{"line":27,"column":4},"end":{"line":27,"column":32}},"15":{"start":{"line":28,"column":4},"end":{"line":28,"column":19}},"16":{"start":{"line":32,"column":4},"end":{"line":32,"column":36}},"17":{"start":{"line":35,"column":2},"end":{"line":121,"column":4}},"18":{"start":{"line":18,"column":0},"end":{"line":18,"column":16}}},"fnMap":{"0":{"name":"ContactCard","decl":{"start":{"line":18,"column":16},"end":{"line":18,"column":27}},"loc":{"start":{"line":18,"column":74},"end":{"line":122,"column":1}}},"1":{"name":"(anonymous_1)","decl":{"start":{"line":24,"column":21},"end":{"line":24,"column":24}},"loc":{"start":{"line":24,"column":27},"end":{"line":24,"column":40}}},"2":{"name":"handleDeleteContact","decl":{"start":{"line":26,"column":11},"end":{"line":26,"column":30}},"loc":{"start":{"line":26,"column":30},"end":{"line":29,"column":3}}},"3":{"name":"handleEditContact","decl":{"start":{"line":31,"column":11},"end":{"line":31,"column":28}},"loc":{"start":{"line":31,"column":28},"end":{"line":33,"column":3}}}},"branchMap":{"0":{"loc":{"start":{"line":41,"column":18},"end":{"line":41,"column":58}},"type":"cond-expr","locations":[{"start":{"line":41,"column":35},"end":{"line":41,"column":47}},{"start":{"line":41,"column":50},"end":{"line":41,"column":58}}]},"1":{"loc":{"start":{"line":43,"column":21},"end":{"line":43,"column":54}},"type":"cond-expr","locations":[{"start":{"line":43,"column":38},"end":{"line":43,"column":46}},{"start":{"line":43,"column":49},"end":{"line":43,"column":54}}]},"2":{"loc":{"start":{"line":100,"column":12},"end":{"line":100,"column":40}},"type":"cond-expr","locations":[{"start":{"line":100,"column":29},"end":{"line":100,"column":34}},{"start":{"line":100,"column":37},"end":{"line":100,"column":40}}]}},"s":{"0":0,"1":0,"2":0,"3":0,"4":0,"5":0,"6":0,"7":0,"8":0,"9":0,"10":0,"11":0,"12":0,"13":0,"14":0,"15":0,"16":0,"17":0,"18":0},"f":{"0":0,"1":0,"2":0,"3":0},"b":{"0":[0,0],"1":[0,0],"2":[0,0]}}
,"/Users/thiagokachinsky/Documents/React/contacts-tjk-full/front/src/components/DeleteContactModal/index.tsx": {"path":"/Users/thiagokachinsky/Documents/React/contacts-tjk-full/front/src/components/DeleteContactModal/index.tsx","statementMap":{"0":{"start":{"line":1,"column":0},"end":{"line":1,"column":63}},"1":{"start":{"line":2,"column":0},"end":{"line":2,"column":46}},"2":{"start":{"line":4,"column":14},"end":{"line":14,"column":2}},"3":{"start":{"line":29,"column":22},"end":{"line":29,"column":42}},"4":{"start":{"line":29,"column":28},"end":{"line":29,"column":42}},"5":{"start":{"line":31,"column":2},"end":{"line":77,"column":4}},"6":{"start":{"line":23,"column":0},"end":{"line":23,"column":16}}},"fnMap":{"0":{"name":"DeleteContactModal","decl":{"start":{"line":23,"column":16},"end":{"line":23,"column":34}},"loc":{"start":{"line":28,"column":26},"end":{"line":78,"column":1}}},"1":{"name":"(anonymous_1)","decl":{"start":{"line":29,"column":22},"end":{"line":29,"column":25}},"loc":{"start":{"line":29,"column":28},"end":{"line":29,"column":42}}}},"branchMap":{},"s":{"0":0,"1":0,"2":0,"3":0,"4":0,"5":0,"6":0},"f":{"0":0,"1":0},"b":{}}
,"/Users/thiagokachinsky/Documents/React/contacts-tjk-full/front/src/components/EmptyContacts/index.tsx": {"path":"/Users/thiagokachinsky/Documents/React/contacts-tjk-full/front/src/components/EmptyContacts/index.tsx","statementMap":{"0":{"start":{"line":1,"column":0},"end":{"line":1,"column":48}},"1":{"start":{"line":3,"column":0},"end":{"line":3,"column":50}},"2":{"start":{"line":6,"column":2},"end":{"line":35,"column":4}},"3":{"start":{"line":5,"column":0},"end":{"line":5,"column":16}}},"fnMap":{"0":{"name":"EmptyContacts","decl":{"start":{"line":5,"column":16},"end":{"line":5,"column":29}},"loc":{"start":{"line":5,"column":29},"end":{"line":36,"column":1}}}},"branchMap":{},"s":{"0":0,"1":0,"2":0,"3":0},"f":{"0":0},"b":{}}
,"/Users/thiagokachinsky/Documents/React/contacts-tjk-full/front/src/components/Logo/index.tsx": {"path":"/Users/thiagokachinsky/Documents/React/contacts-tjk-full/front/src/components/Logo/index.tsx","statementMap":{"0":{"start":{"line":1,"column":0},"end":{"line":1,"column":69}},"1":{"start":{"line":4,"column":20},"end":{"line":4,"column":55}},"2":{"start":{"line":6,"column":2},"end":{"line":34,"column":4}},"3":{"start":{"line":3,"column":0},"end":{"line":3,"column":24}}},"fnMap":{"0":{"name":"Logo","decl":{"start":{"line":3,"column":24},"end":{"line":3,"column":28}},"loc":{"start":{"line":3,"column":28},"end":{"line":35,"column":1}}}},"branchMap":{"0":{"loc":{"start":{"line":17,"column":20},"end":{"line":17,"column":47}},"type":"cond-expr","locations":[{"start":{"line":17,"column":32},"end":{"line":17,"column":39}},{"start":{"line":17,"column":42},"end":{"line":17,"column":47}}]},"1":{"loc":{"start":{"line":25,"column":20},"end":{"line":25,"column":47}},"type":"cond-expr","locations":[{"start":{"line":25,"column":32},"end":{"line":25,"column":39}},{"start":{"line":25,"column":42},"end":{"line":25,"column":47}}]}},"s":{"0":0,"1":0,"2":0,"3":0},"f":{"0":0},"b":{"0":[0,0],"1":[0,0]}}
,"/Users/thiagokachinsky/Documents/React/contacts-tjk-full/front/src/components/NewContact/index.tsx": {"path":"/Users/thiagokachinsky/Documents/React/contacts-tjk-full/front/src/components/NewContact/index.tsx","statementMap":{"0":{"start":{"line":1,"column":0},"end":{"line":1,"column":71}},"1":{"start":{"line":2,"column":0},"end":{"line":2,"column":46}},"2":{"start":{"line":3,"column":0},"end":{"line":3,"column":40}},"3":{"start":{"line":11,"column":25},"end":{"line":11,"column":60}},"4":{"start":{"line":13,"column":2},"end":{"line":53,"column":4}},"5":{"start":{"line":10,"column":0},"end":{"line":10,"column":16}}},"fnMap":{"0":{"name":"NewContact","decl":{"start":{"line":10,"column":16},"end":{"line":10,"column":26}},"loc":{"start":{"line":10,"column":82},"end":{"line":54,"column":1}}}},"branchMap":{"0":{"loc":{"start":{"line":10,"column":45},"end":{"line":10,"column":63}},"type":"default-arg","locations":[{"start":{"line":10,"column":59},"end":{"line":10,"column":63}}]},"1":{"loc":{"start":{"line":16,"column":18},"end":{"line":16,"column":58}},"type":"cond-expr","locations":[{"start":{"line":16,"column":35},"end":{"line":16,"column":47}},{"start":{"line":16,"column":50},"end":{"line":16,"column":58}}]},"2":{"loc":{"start":{"line":17,"column":22},"end":{"line":17,"column":62}},"type":"cond-expr","locations":[{"start":{"line":17,"column":36},"end":{"line":17,"column":51}},{"start":{"line":17,"column":54},"end":{"line":17,"column":62}}]},"3":{"loc":{"start":{"line":18,"column":21},"end":{"line":18,"column":54}},"type":"cond-expr","locations":[{"start":{"line":18,"column":38},"end":{"line":18,"column":46}},{"start":{"line":18,"column":49},"end":{"line":18,"column":54}}]},"4":{"loc":{"start":{"line":21,"column":10},"end":{"line":21,"column":34}},"type":"cond-expr","locations":[{"start":{"line":21,"column":24},"end":{"line":21,"column":25}},{"start":{"line":21,"column":28},"end":{"line":21,"column":34}}]},"5":{"loc":{"start":{"line":23,"column":7},"end":{"line":31,"column":null}},"type":"binary-expr","locations":[{"start":{"line":23,"column":7},"end":{"line":23,"column":18}},{"start":{"line":24,"column":8},"end":{"line":30,"column":null}}]},"6":{"loc":{"start":{"line":28,"column":14},"end":{"line":28,"column":40}},"type":"cond-expr","locations":[{"start":{"line":28,"column":31},"end":{"line":28,"column":36}},{"start":{"line":28,"column":39},"end":{"line":28,"column":40}}]},"7":{"loc":{"start":{"line":30,"column":11},"end":{"line":30,"column":90}},"type":"cond-expr","locations":[{"start":{"line":30,"column":32},"end":{"line":30,"column":60}},{"start":{"line":30,"column":63},"end":{"line":30,"column":90}}]}},"s":{"0":0,"1":0,"2":0,"3":0,"4":0,"5":0},"f":{"0":0},"b":{"0":[0],"1":[0,0],"2":[0,0],"3":[0,0],"4":[0,0],"5":[0,0],"6":[0,0],"7":[0,0]}}
,"/Users/thiagokachinsky/Documents/React/contacts-tjk-full/front/src/components/NoResults/index.tsx": {"path":"/Users/thiagokachinsky/Documents/React/contacts-tjk-full/front/src/components/NoResults/index.tsx","statementMap":{"0":{"start":{"line":1,"column":0},"end":{"line":1,"column":48}},"1":{"start":{"line":2,"column":0},"end":{"line":2,"column":58}},"2":{"start":{"line":9,"column":2},"end":{"line":22,"column":null}},"3":{"start":{"line":8,"column":0},"end":{"line":8,"column":16}}},"fnMap":{"0":{"name":"NoResults","decl":{"start":{"line":8,"column":16},"end":{"line":8,"column":25}},"loc":{"start":{"line":8,"column":56},"end":{"line":23,"column":1}}}},"branchMap":{},"s":{"0":0,"1":0,"2":0,"3":0},"f":{"0":0},"b":{}}
,"/Users/thiagokachinsky/Documents/React/contacts-tjk-full/front/src/components/SearchInput/index.tsx": {"path":"/Users/thiagokachinsky/Documents/React/contacts-tjk-full/front/src/components/SearchInput/index.tsx","statementMap":{"0":{"start":{"line":1,"column":0},"end":{"line":1,"column":52}},"1":{"start":{"line":2,"column":0},"end":{"line":2,"column":null}},"2":{"start":{"line":18,"column":2},"end":{"line":60,"column":4}},"3":{"start":{"line":48,"column":31},"end":{"line":48,"column":67}},"4":{"start":{"line":17,"column":0},"end":{"line":17,"column":16}}},"fnMap":{"0":{"name":"SearchInput","decl":{"start":{"line":17,"column":16},"end":{"line":17,"column":27}},"loc":{"start":{"line":17,"column":81},"end":{"line":61,"column":1}}},"1":{"name":"(anonymous_1)","decl":{"start":{"line":48,"column":20},"end":{"line":48,"column":21}},"loc":{"start":{"line":48,"column":31},"end":{"line":48,"column":67}}}},"branchMap":{},"s":{"0":0,"1":0,"2":0,"3":0,"4":0},"f":{"0":0,"1":0},"b":{}}
,"/Users/thiagokachinsky/Documents/React/contacts-tjk-full/front/src/components/SkeletonCard/index.tsx": {"path":"/Users/thiagokachinsky/Documents/React/contacts-tjk-full/front/src/components/SkeletonCard/index.tsx","statementMap":{"0":{"start":{"line":1,"column":0},"end":{"line":1,"column":55}},"1":{"start":{"line":4,"column":2},"end":{"line":51,"column":4}},"2":{"start":{"line":3,"column":0},"end":{"line":3,"column":16}}},"fnMap":{"0":{"name":"SkeletonCard","decl":{"start":{"line":3,"column":16},"end":{"line":3,"column":28}},"loc":{"start":{"line":3,"column":28},"end":{"line":52,"column":1}}}},"branchMap":{},"s":{"0":0,"1":0,"2":0},"f":{"0":0},"b":{}}
,"/Users/thiagokachinsky/Documents/React/contacts-tjk-full/front/src/components/ThemeSwitchButton/index.tsx": {"path":"/Users/thiagokachinsky/Documents/React/contacts-tjk-full/front/src/components/ThemeSwitchButton/index.tsx","statementMap":{"0":{"start":{"line":1,"column":0},"end":{"line":1,"column":60}},"1":{"start":{"line":2,"column":0},"end":{"line":2,"column":46}},"2":{"start":{"line":3,"column":0},"end":{"line":3,"column":42}},"3":{"start":{"line":9,"column":25},"end":{"line":55,"column":3}},"4":{"start":{"line":9,"column":56},"end":{"line":55,"column":2}},"5":{"start":{"line":58,"column":25},"end":{"line":58,"column":57}},"6":{"start":{"line":59,"column":26},"end":{"line":61,"column":11}},"7":{"start":{"line":63,"column":2},"end":{"line":76,"column":4}},"8":{"start":{"line":57,"column":0},"end":{"line":57,"column":16}}},"fnMap":{"0":{"name":"(anonymous_0)","decl":{"start":{"line":9,"column":40},"end":{"line":9,"column":41}},"loc":{"start":{"line":9,"column":56},"end":{"line":55,"column":2}}},"1":{"name":"ThemeSwitchButton","decl":{"start":{"line":57,"column":16},"end":{"line":57,"column":33}},"loc":{"start":{"line":57,"column":76},"end":{"line":77,"column":1}}}},"branchMap":{"0":{"loc":{"start":{"line":28,"column":10},"end":{"line":28,"column":63}},"type":"cond-expr","locations":[{"start":{"line":28,"column":42},"end":{"line":28,"column":51}},{"start":{"line":28,"column":54},"end":{"line":28,"column":63}}]},"1":{"loc":{"start":{"line":33,"column":21},"end":{"line":33,"column":74}},"type":"cond-expr","locations":[{"start":{"line":33,"column":53},"end":{"line":33,"column":62}},{"start":{"line":33,"column":65},"end":{"line":33,"column":74}}]},"2":{"loc":{"start":{"line":52,"column":21},"end":{"line":52,"column":74}},"type":"cond-expr","locations":[{"start":{"line":52,"column":53},"end":{"line":52,"column":62}},{"start":{"line":52,"column":65},"end":{"line":52,"column":74}}]},"3":{"loc":{"start":{"line":59,"column":26},"end":{"line":61,"column":11}},"type":"cond-expr","locations":[{"start":{"line":60,"column":6},"end":{"line":60,"column":32}},{"start":{"line":61,"column":6},"end":{"line":61,"column":11}}]}},"s":{"0":0,"1":0,"2":0,"3":0,"4":0,"5":0,"6":0,"7":0,"8":0},"f":{"0":0,"1":0},"b":{"0":[0,0],"1":[0,0],"2":[0,0],"3":[0,0]}}
,"/Users/thiagokachinsky/Documents/React/contacts-tjk-full/front/src/layout/BaseLayout.tsx": {"path":"/Users/thiagokachinsky/Documents/React/contacts-tjk-full/front/src/layout/BaseLayout.tsx","statementMap":{"0":{"start":{"line":1,"column":0},"end":{"line":1,"column":36}},"1":{"start":{"line":2,"column":0},"end":{"line":2,"column":56}},"2":{"start":{"line":4,"column":0},"end":{"line":4,"column":38}},"3":{"start":{"line":5,"column":0},"end":{"line":5,"column":58}},"4":{"start":{"line":6,"column":0},"end":{"line":6,"column":68}},"5":{"start":{"line":15,"column":23},"end":{"line":15,"column":58}},"6":{"start":{"line":17,"column":2},"end":{"line":44,"column":4}},"7":{"start":{"line":14,"column":0},"end":{"line":14,"column":16}}},"fnMap":{"0":{"name":"BaseLayout","decl":{"start":{"line":14,"column":16},"end":{"line":14,"column":26}},"loc":{"start":{"line":14,"column":83},"end":{"line":45,"column":1}}}},"branchMap":{"0":{"loc":{"start":{"line":26,"column":10},"end":{"line":26,"column":39}},"type":"cond-expr","locations":[{"start":{"line":26,"column":25},"end":{"line":26,"column":31}},{"start":{"line":26,"column":34},"end":{"line":26,"column":39}}]},"1":{"loc":{"start":{"line":41,"column":9},"end":{"line":41,"column":48}},"type":"cond-expr","locations":[{"start":{"line":41,"column":21},"end":{"line":41,"column":37}},{"start":{"line":41,"column":40},"end":{"line":41,"column":48}}]}},"s":{"0":0,"1":0,"2":0,"3":0,"4":0,"5":0,"6":0,"7":0},"f":{"0":0},"b":{"0":[0,0],"1":[0,0]}}
,"/Users/thiagokachinsky/Documents/React/contacts-tjk-full/front/src/pages/Home/index.tsx": {"path":"/Users/thiagokachinsky/Documents/React/contacts-tjk-full/front/src/pages/Home/index.tsx","statementMap":{"0":{"start":{"line":1,"column":0},"end":{"line":1,"column":44}},"1":{"start":{"line":2,"column":0},"end":{"line":2,"column":53}},"2":{"start":{"line":4,"column":0},"end":{"line":4,"column":66}},"3":{"start":{"line":5,"column":0},"end":{"line":5,"column":62}},"4":{"start":{"line":7,"column":0},"end":{"line":7,"column":59}},"5":{"start":{"line":8,"column":0},"end":{"line":8,"column":57}},"6":{"start":{"line":9,"column":0},"end":{"line":9,"column":59}},"7":{"start":{"line":10,"column":0},"end":{"line":10,"column":63}},"8":{"start":{"line":11,"column":0},"end":{"line":11,"column":67}},"9":{"start":{"line":12,"column":0},"end":{"line":12,"column":55}},"10":{"start":{"line":13,"column":0},"end":{"line":13,"column":43}},"11":{"start":{"line":15,"column":0},"end":{"line":15,"column":53}},"12":{"start":{"line":17,"column":0},"end":{"line":17,"column":37}},"13":{"start":{"line":24,"column":34},"end":{"line":24,"column":57}},"14":{"start":{"line":25,"column":44},"end":{"line":25,"column":56}},"15":{"start":{"line":26,"column":34},"end":{"line":26,"column":49}},"16":{"start":{"line":27,"column":36},"end":{"line":27,"column":51}},"17":{"start":{"line":28,"column":62},"end":{"line":28,"column":77}},"18":{"start":{"line":29,"column":48},"end":{"line":32,"column":4}},"19":{"start":{"line":34,"column":25},"end":{"line":37,"column":4}},"20":{"start":{"line":35,"column":4},"end":{"line":36,"column":63}},"21":{"start":{"line":40,"column":4},"end":{"line":46,"column":22}},"22":{"start":{"line":42,"column":10},"end":{"line":44,"column":50}},"23":{"start":{"line":49,"column":4},"end":{"line":62,"column":null}},"24":{"start":{"line":50,"column":6},"end":{"line":50,"column":25}},"25":{"start":{"line":52,"column":23},"end":{"line":52,"column":53}},"26":{"start":{"line":54,"column":6},"end":{"line":54,"column":29}},"27":{"start":{"line":56,"column":6},"end":{"line":59,"column":9}},"28":{"start":{"line":61,"column":6},"end":{"line":61,"column":26}},"29":{"start":{"line":65,"column":2},"end":{"line":67,"column":9}},"30":{"start":{"line":66,"column":4},"end":{"line":66,"column":18}},"31":{"start":{"line":70,"column":4},"end":{"line":90,"column":null}},"32":{"start":{"line":71,"column":6},"end":{"line":71,"column":38}},"33":{"start":{"line":73,"column":6},"end":{"line":73,"column":53}},"34":{"start":{"line":75,"column":6},"end":{"line":78,"column":9}},"35":{"start":{"line":80,"column":6},"end":{"line":82,"column":8}},"36":{"start":{"line":81,"column":8},"end":{"line":81,"column":63}},"37":{"start":{"line":81,"column":38},"end":{"line":81,"column":62}},"38":{"start":{"line":84,"column":6},"end":{"line":87,"column":9}},"39":{"start":{"line":89,"column":6},"end":{"line":89,"column":39}},"40":{"start":{"line":94,"column":4},"end":{"line":94,"column":27}},"41":{"start":{"line":97,"column":2},"end":{"line":163,"column":4}},"42":{"start":{"line":150,"column":16},"end":{"line":151,"column":null}},"43":{"start":{"line":23,"column":0},"end":{"line":23,"column":16}}},"fnMap":{"0":{"name":"Home","decl":{"start":{"line":23,"column":16},"end":{"line":23,"column":20}},"loc":{"start":{"line":23,"column":50},"end":{"line":164,"column":1}}},"1":{"name":"(anonymous_1)","decl":{"start":{"line":34,"column":39},"end":{"line":34,"column":40}},"loc":{"start":{"line":35,"column":4},"end":{"line":36,"column":63}}},"2":{"name":"(anonymous_2)","decl":{"start":{"line":41,"column":24},"end":{"line":41,"column":25}},"loc":{"start":{"line":42,"column":10},"end":{"line":44,"column":50}}},"3":{"name":"getContacts","decl":{"start":{"line":48,"column":17},"end":{"line":48,"column":28}},"loc":{"start":{"line":48,"column":28},"end":{"line":63,"column":3}}},"4":{"name":"(anonymous_4)","decl":{"start":{"line":65,"column":12},"end":{"line":65,"column":15}},"loc":{"start":{"line":65,"column":17},"end":{"line":67,"column":3}}},"5":{"name":"handleDeleteContact","decl":{"start":{"line":69,"column":17},"end":{"line":69,"column":36}},"loc":{"start":{"line":69,"column":54},"end":{"line":91,"column":3}}},"6":{"name":"(anonymous_6)","decl":{"start":{"line":80,"column":18},"end":{"line":80,"column":19}},"loc":{"start":{"line":81,"column":8},"end":{"line":81,"column":63}}},"7":{"name":"(anonymous_7)","decl":{"start":{"line":81,"column":25},"end":{"line":81,"column":26}},"loc":{"start":{"line":81,"column":38},"end":{"line":81,"column":62}}},"8":{"name":"handleSortContacts","decl":{"start":{"line":93,"column":11},"end":{"line":93,"column":29}},"loc":{"start":{"line":93,"column":29},"end":{"line":95,"column":3}}},"9":{"name":"(anonymous_9)","decl":{"start":{"line":149,"column":35},"end":{"line":149,"column":36}},"loc":{"start":{"line":150,"column":16},"end":{"line":151,"column":null}}}},"branchMap":{"0":{"loc":{"start":{"line":35,"column":4},"end":{"line":36,"column":63}},"type":"cond-expr","locations":[{"start":{"line":35,"column":15},"end":{"line":36,"column":14}},{"start":{"line":36,"column":17},"end":{"line":36,"column":63}}]},"1":{"loc":{"start":{"line":35,"column":15},"end":{"line":36,"column":14}},"type":"cond-expr","locations":[{"start":{"line":36,"column":8},"end":{"line":36,"column":9}},{"start":{"line":36,"column":12},"end":{"line":36,"column":14}}]},"2":{"loc":{"start":{"line":36,"column":17},"end":{"line":36,"column":63}},"type":"cond-expr","locations":[{"start":{"line":36,"column":57},"end":{"line":36,"column":58}},{"start":{"line":36,"column":61},"end":{"line":36,"column":63}}]},"3":{"loc":{"start":{"line":40,"column":4},"end":{"line":46,"column":22}},"type":"cond-expr","locations":[{"start":{"line":41,"column":8},"end":{"line":44,"column":null}},{"start":{"line":46,"column":8},"end":{"line":46,"column":22}}]},"4":{"loc":{"start":{"line":99,"column":7},"end":{"line":100,"column":null}},"type":"binary-expr","locations":[{"start":{"line":99,"column":7},"end":{"line":99,"column":29}},{"start":{"line":100,"column":8},"end":{"line":100,"column":62}}]},"5":{"loc":{"start":{"line":103,"column":7},"end":{"line":108,"column":null}},"type":"binary-expr","locations":[{"start":{"line":103,"column":7},"end":{"line":103,"column":22}},{"start":{"line":104,"column":8},"end":{"line":107,"column":null}}]},"6":{"loc":{"start":{"line":111,"column":7},"end":{"line":160,"column":null}},"type":"cond-expr","locations":[{"start":{"line":112,"column":8},"end":{"line":118,"column":null}},{"start":{"line":121,"column":8},"end":{"line":159,"column":null}}]},"7":{"loc":{"start":{"line":130,"column":11},"end":{"line":138,"column":null}},"type":"binary-expr","locations":[{"start":{"line":130,"column":11},"end":{"line":130,"column":38}},{"start":{"line":131,"column":12},"end":{"line":136,"column":null}}]},"8":{"loc":{"start":{"line":132,"column":15},"end":{"line":135,"column":null}},"type":"cond-expr","locations":[{"start":{"line":133,"column":16},"end":{"line":133,"column":71}},{"start":{"line":135,"column":16},"end":{"line":135,"column":73}}]},"9":{"loc":{"start":{"line":148,"column":13},"end":{"line":157,"column":null}},"type":"cond-expr","locations":[{"start":{"line":149,"column":14},"end":{"line":155,"column":16}},{"start":{"line":157,"column":14},"end":{"line":157,"column":54}}]}},"s":{"0":0,"1":0,"2":0,"3":0,"4":0,"5":0,"6":0,"7":0,"8":0,"9":0,"10":0,"11":0,"12":0,"13":0,"14":0,"15":0,"16":0,"17":0,"18":0,"19":0,"20":0,"21":0,"22":0,"23":0,"24":0,"25":0,"26":0,"27":0,"28":0,"29":0,"30":0,"31":0,"32":0,"33":0,"34":0,"35":0,"36":0,"37":0,"38":0,"39":0,"40":0,"41":0,"42":0,"43":0},"f":{"0":0,"1":0,"2":0,"3":0,"4":0,"5":0,"6":0,"7":0,"8":0,"9":0},"b":{"0":[0,0],"1":[0,0],"2":[0,0],"3":[0,0],"4":[0,0],"5":[0,0],"6":[0,0],"7":[0,0],"8":[0,0],"9":[0,0]}}
,"/Users/thiagokachinsky/Documents/React/contacts-tjk-full/front/src/pages/Register/index.tsx": {"path":"/Users/thiagokachinsky/Documents/React/contacts-tjk-full/front/src/pages/Register/index.tsx","statementMap":{"0":{"start":{"line":1,"column":0},"end":{"line":1,"column":44}},"1":{"start":{"line":2,"column":0},"end":{"line":2,"column":58}},"2":{"start":{"line":3,"column":0},"end":{"line":3,"column":42}},"3":{"start":{"line":4,"column":0},"end":{"line":4,"column":54}},"4":{"start":{"line":5,"column":0},"end":{"line":5,"column":25}},"5":{"start":{"line":6,"column":0},"end":{"line":6,"column":null}},"6":{"start":{"line":18,"column":0},"end":{"line":18,"column":58}},"7":{"start":{"line":20,"column":0},"end":{"line":20,"column":53}},"8":{"start":{"line":21,"column":0},"end":{"line":21,"column":null}},"9":{"start":{"line":26,"column":0},"end":{"line":26,"column":37}},"10":{"start":{"line":27,"column":0},"end":{"line":27,"column":43}},"11":{"start":{"line":29,"column":0},"end":{"line":29,"column":67}},"12":{"start":{"line":31,"column":22},"end":{"line":42,"column":2}},"13":{"start":{"line":51,"column":19},"end":{"line":51,"column":32}},"14":{"start":{"line":52,"column":28},"end":{"line":52,"column":39}},"15":{"start":{"line":54,"column":32},"end":{"line":54,"column":64}},"16":{"start":{"line":55,"column":36},"end":{"line":55,"column":51}},"17":{"start":{"line":56,"column":32},"end":{"line":59,"column":4}},"18":{"start":{"line":67,"column":6},"end":{"line":70,"column":4}},"19":{"start":{"line":73,"column":2},"end":{"line":94,"column":35}},"20":{"start":{"line":75,"column":6},"end":{"line":88,"column":null}},"21":{"start":{"line":76,"column":8},"end":{"line":76,"column":27}},"22":{"start":{"line":77,"column":25},"end":{"line":77,"column":68}},"23":{"start":{"line":78,"column":8},"end":{"line":78,"column":68}},"24":{"start":{"line":79,"column":8},"end":{"line":82,"column":11}},"25":{"start":{"line":83,"column":8},"end":{"line":83,"column":60}},"26":{"start":{"line":85,"column":8},"end":{"line":85,"column":27}},"27":{"start":{"line":87,"column":8},"end":{"line":87,"column":28}},"28":{"start":{"line":91,"column":4},"end":{"line":93,"column":null}},"29":{"start":{"line":92,"column":6},"end":{"line":92,"column":19}},"30":{"start":{"line":97,"column":4},"end":{"line":124,"column":null}},"31":{"start":{"line":98,"column":6},"end":{"line":98,"column":25}},"32":{"start":{"line":100,"column":6},"end":{"line":114,"column":null}},"33":{"start":{"line":101,"column":8},"end":{"line":106,"column":11}},"34":{"start":{"line":108,"column":8},"end":{"line":113,"column":11}},"35":{"start":{"line":116,"column":6},"end":{"line":116,"column":20}},"36":{"start":{"line":118,"column":6},"end":{"line":121,"column":9}},"37":{"start":{"line":123,"column":6},"end":{"line":123,"column":26}},"38":{"start":{"line":127,"column":2},"end":{"line":299,"column":4}},"39":{"start":{"line":50,"column":0},"end":{"line":50,"column":16}}},"fnMap":{"0":{"name":"Register","decl":{"start":{"line":50,"column":16},"end":{"line":50,"column":24}},"loc":{"start":{"line":50,"column":58},"end":{"line":300,"column":1}}},"1":{"name":"(anonymous_1)","decl":{"start":{"line":73,"column":12},"end":{"line":73,"column":15}},"loc":{"start":{"line":73,"column":17},"end":{"line":94,"column":3}}},"2":{"name":"getContact","decl":{"start":{"line":74,"column":19},"end":{"line":74,"column":29}},"loc":{"start":{"line":74,"column":29},"end":{"line":89,"column":5}}},"3":{"name":"onSubmit","decl":{"start":{"line":96,"column":17},"end":{"line":96,"column":25}},"loc":{"start":{"line":96,"column":46},"end":{"line":125,"column":3}}}},"branchMap":{"0":{"loc":{"start":{"line":91,"column":4},"end":{"line":93,"column":null}},"type":"if","locations":[{"start":{"line":91,"column":4},"end":{"line":93,"column":null}}]},"1":{"loc":{"start":{"line":100,"column":6},"end":{"line":114,"column":null}},"type":"if","locations":[{"start":{"line":100,"column":6},"end":{"line":114,"column":null}},{"start":{"line":107,"column":13},"end":{"line":114,"column":null}}]},"2":{"loc":{"start":{"line":129,"column":7},"end":{"line":129,"column":61}},"type":"binary-expr","locations":[{"start":{"line":129,"column":7},"end":{"line":129,"column":16}},{"start":{"line":129,"column":20},"end":{"line":129,"column":61}}]},"3":{"loc":{"start":{"line":131,"column":7},"end":{"line":136,"column":null}},"type":"binary-expr","locations":[{"start":{"line":131,"column":7},"end":{"line":131,"column":14}},{"start":{"line":132,"column":8},"end":{"line":135,"column":null}}]},"4":{"loc":{"start":{"line":162,"column":9},"end":{"line":162,"column":54}},"type":"cond-expr","locations":[{"start":{"line":162,"column":21},"end":{"line":162,"column":37}},{"start":{"line":162,"column":40},"end":{"line":162,"column":54}}]},"5":{"loc":{"start":{"line":182,"column":13},"end":{"line":188,"column":null}},"type":"binary-expr","locations":[{"start":{"line":182,"column":13},"end":{"line":182,"column":33}},{"start":{"line":183,"column":14},"end":{"line":187,"column":null}}]},"6":{"loc":{"start":{"line":207,"column":13},"end":{"line":213,"column":null}},"type":"binary-expr","locations":[{"start":{"line":207,"column":13},"end":{"line":207,"column":34}},{"start":{"line":208,"column":14},"end":{"line":212,"column":null}}]},"7":{"loc":{"start":{"line":235,"column":13},"end":{"line":241,"column":null}},"type":"binary-expr","locations":[{"start":{"line":235,"column":13},"end":{"line":235,"column":34}},{"start":{"line":236,"column":14},"end":{"line":240,"column":null}}]},"8":{"loc":{"start":{"line":260,"column":26},"end":{"line":260,"column":55}},"type":"binary-expr","locations":[{"start":{"line":260,"column":26},"end":{"line":260,"column":42}},{"start":{"line":260,"column":46},"end":{"line":260,"column":55}}]},"9":{"loc":{"start":{"line":294,"column":13},"end":{"line":294,"column":51}},"type":"cond-expr","locations":[{"start":{"line":294,"column":25},"end":{"line":294,"column":33}},{"start":{"line":294,"column":36},"end":{"line":294,"column":51}}]}},"s":{"0":0,"1":0,"2":0,"3":0,"4":0,"5":0,"6":0,"7":0,"8":0,"9":0,"10":0,"11":0,"12":0,"13":0,"14":0,"15":0,"16":0,"17":0,"18":0,"19":0,"20":0,"21":0,"22":0,"23":0,"24":0,"25":0,"26":0,"27":0,"28":0,"29":0,"30":0,"31":0,"32":0,"33":0,"34":0,"35":0,"36":0,"37":0,"38":0,"39":0},"f":{"0":0,"1":0,"2":0,"3":0},"b":{"0":[0],"1":[0,0],"2":[0,0],"3":[0,0],"4":[0,0],"5":[0,0],"6":[0,0],"7":[0,0],"8":[0,0],"9":[0,0]}}
,"/Users/thiagokachinsky/Documents/React/contacts-tjk-full/front/src/services/api.ts": {"path":"/Users/thiagokachinsky/Documents/React/contacts-tjk-full/front/src/services/api.ts","statementMap":{"0":{"start":{"line":1,"column":0},"end":{"line":1,"column":26}},"1":{"start":{"line":3,"column":12},"end":{"line":5,"column":2}},"2":{"start":{"line":7,"column":0},"end":{"line":7,"column":19}}},"fnMap":{},"branchMap":{},"s":{"0":0,"1":0,"2":0},"f":{},"b":{}}
,"/Users/thiagokachinsky/Documents/React/contacts-tjk-full/front/src/styles/theme.ts": {"path":"/Users/thiagokachinsky/Documents/React/contacts-tjk-full/front/src/styles/theme.ts","statementMap":{"0":{"start":{"line":1,"column":0},"end":{"line":1,"column":44}},"1":{"start":{"line":3,"column":13},"end":{"line":19,"column":3}},"2":{"start":{"line":21,"column":13},"end":{"line":38,"column":3}}},"fnMap":{},"branchMap":{},"s":{"0":0,"1":0,"2":0},"f":{},"b":{}}
,"/Users/thiagokachinsky/Documents/React/contacts-tjk-full/front/src/utils/masks/phone.ts": {"path":"/Users/thiagokachinsky/Documents/React/contacts-tjk-full/front/src/utils/masks/phone.ts","statementMap":{"0":{"start":{"line":1,"column":27},"end":{"line":4,"column":1}},"1":{"start":{"line":2,"column":16},"end":{"line":2,"column":48}},"2":{"start":{"line":3,"column":2},"end":{"line":3,"column":null}},"3":{"start":{"line":1,"column":13},"end":{"line":1,"column":27}},"4":{"start":{"line":6,"column":25},"end":{"line":14,"column":1}},"5":{"start":{"line":7,"column":2},"end":{"line":7,"column":null}},"6":{"start":{"line":7,"column":14},"end":{"line":7,"column":null}},"7":{"start":{"line":8,"column":2},"end":{"line":8,"column":null}},"8":{"start":{"line":10,"column":2},"end":{"line":10,"column":null}},"9":{"start":{"line":11,"column":2},"end":{"line":11,"column":null}},"10":{"start":{"line":13,"column":2},"end":{"line":13,"column":null}},"11":{"start":{"line":6,"column":13},"end":{"line":6,"column":25}},"12":{"start":{"line":17,"column":2},"end":{"line":17,"column":34}},"13":{"start":{"line":16,"column":0},"end":{"line":16,"column":16}}},"fnMap":{"0":{"name":"(anonymous_0)","decl":{"start":{"line":1,"column":27},"end":{"line":1,"column":28}},"loc":{"start":{"line":1,"column":76},"end":{"line":4,"column":1}}},"1":{"name":"(anonymous_1)","decl":{"start":{"line":6,"column":25},"end":{"line":6,"column":26}},"loc":{"start":{"line":6,"column":43},"end":{"line":14,"column":1}}},"2":{"name":"removePhoneMask","decl":{"start":{"line":16,"column":16},"end":{"line":16,"column":31}},"loc":{"start":{"line":16,"column":45},"end":{"line":18,"column":1}}}},"branchMap":{"0":{"loc":{"start":{"line":7,"column":2},"end":{"line":7,"column":null}},"type":"if","locations":[{"start":{"line":7,"column":2},"end":{"line":7,"column":null}}]}},"s":{"0":0,"1":0,"2":0,"3":0,"4":0,"5":0,"6":0,"7":0,"8":0,"9":0,"10":0,"11":0,"12":0,"13":0},"f":{"0":0,"1":0,"2":0},"b":{"0":[0]}}
}
