TN:
SF:src/App.tsx
FN:10,App
FN:16,(anonymous_1)
FN:22,(anonymous_2)
FNF:3
FNH:0
FNDA:0,App
FNDA:0,(anonymous_1)
FNDA:0,(anonymous_2)
DA:1,0
DA:2,0
DA:3,0
DA:5,0
DA:6,0
DA:7,0
DA:8,0
DA:11,0
DA:12,0
DA:13,0
DA:14,0
DA:16,0
DA:17,0
DA:18,0
DA:19,0
DA:22,0
DA:23,0
DA:26,0
DA:38,0
LF:19
LH:0
BRDA:13,0,0,0
BRDA:13,0,1,0
BRDA:27,1,0,0
BRDA:27,1,1,0
BRF:4
BRH:0
end_of_record
TN:
SF:src/main.tsx
FNF:0
FNH:0
DA:1,0
DA:2,0
DA:3,0
DA:4,0
DA:6,0
LF:5
LH:0
BRF:0
BRH:0
end_of_record
TN:
SF:src/components/BackdropLoading/index.tsx
FN:7,BackdropLoading
FN:10,(anonymous_1)
FNF:2
FNH:0
FNDA:0,BackdropLoading
FNDA:0,(anonymous_1)
DA:1,0
DA:7,0
DA:8,0
DA:10,0
LF:4
LH:0
BRF:0
BRH:0
end_of_record
TN:
SF:src/components/ContactCard/index.tsx
FN:18,ContactCard
FN:24,(anonymous_1)
FN:26,handleDeleteContact
FN:31,handleEditContact
FNF:4
FNH:0
FNDA:0,ContactCard
FNDA:0,(anonymous_1)
FNDA:0,handleDeleteContact
FNDA:0,handleEditContact
DA:1,0
DA:2,0
DA:3,0
DA:4,0
DA:5,0
DA:6,0
DA:8,0
DA:9,0
DA:11,0
DA:18,0
DA:19,0
DA:21,0
DA:22,0
DA:24,0
DA:27,0
DA:28,0
DA:32,0
DA:35,0
LF:18
LH:0
BRDA:41,0,0,0
BRDA:41,0,1,0
BRDA:43,1,0,0
BRDA:43,1,1,0
BRDA:100,2,0,0
BRDA:100,2,1,0
BRF:6
BRH:0
end_of_record
TN:
SF:src/components/DeleteContactModal/index.tsx
FN:23,DeleteContactModal
FN:29,(anonymous_1)
FNF:2
FNH:0
FNDA:0,DeleteContactModal
FNDA:0,(anonymous_1)
DA:1,0
DA:2,0
DA:4,0
DA:23,0
DA:29,0
DA:31,0
LF:6
LH:0
BRF:0
BRH:0
end_of_record
TN:
SF:src/components/EmptyContacts/index.tsx
FN:5,EmptyContacts
FNF:1
FNH:0
FNDA:0,EmptyContacts
DA:1,0
DA:3,0
DA:5,0
DA:6,0
LF:4
LH:0
BRF:0
BRH:0
end_of_record
TN:
SF:src/components/Logo/index.tsx
FN:3,Logo
FNF:1
FNH:0
FNDA:0,Logo
DA:1,0
DA:3,0
DA:4,0
DA:6,0
LF:4
LH:0
BRDA:17,0,0,0
BRDA:17,0,1,0
BRDA:25,1,0,0
BRDA:25,1,1,0
BRF:4
BRH:0
end_of_record
TN:
SF:src/components/NewContact/index.tsx
FN:10,NewContact
FNF:1
FNH:0
FNDA:0,NewContact
DA:1,0
DA:2,0
DA:3,0
DA:10,0
DA:11,0
DA:13,0
LF:6
LH:0
BRDA:10,0,0,0
BRDA:16,1,0,0
BRDA:16,1,1,0
BRDA:17,2,0,0
BRDA:17,2,1,0
BRDA:18,3,0,0
BRDA:18,3,1,0
BRDA:21,4,0,0
BRDA:21,4,1,0
BRDA:23,5,0,0
BRDA:23,5,1,0
BRDA:28,6,0,0
BRDA:28,6,1,0
BRDA:30,7,0,0
BRDA:30,7,1,0
BRF:15
BRH:0
end_of_record
TN:
SF:src/components/NoResults/index.tsx
FN:8,NoResults
FNF:1
FNH:0
FNDA:0,NoResults
DA:1,0
DA:2,0
DA:8,0
DA:9,0
LF:4
LH:0
BRF:0
BRH:0
end_of_record
TN:
SF:src/components/SearchInput/index.tsx
FN:17,SearchInput
FN:48,(anonymous_1)
FNF:2
FNH:0
FNDA:0,SearchInput
FNDA:0,(anonymous_1)
DA:1,0
DA:2,0
DA:17,0
DA:18,0
DA:48,0
LF:5
LH:0
BRF:0
BRH:0
end_of_record
TN:
SF:src/components/SkeletonCard/index.tsx
FN:3,SkeletonCard
FNF:1
FNH:0
FNDA:0,SkeletonCard
DA:1,0
DA:3,0
DA:4,0
LF:3
LH:0
BRF:0
BRH:0
end_of_record
TN:
SF:src/components/ThemeSwitchButton/index.tsx
FN:9,(anonymous_0)
FN:57,ThemeSwitchButton
FNF:2
FNH:0
FNDA:0,(anonymous_0)
FNDA:0,ThemeSwitchButton
DA:1,0
DA:2,0
DA:3,0
DA:9,0
DA:57,0
DA:58,0
DA:59,0
DA:63,0
LF:8
LH:0
BRDA:28,0,0,0
BRDA:28,0,1,0
BRDA:33,1,0,0
BRDA:33,1,1,0
BRDA:52,2,0,0
BRDA:52,2,1,0
BRDA:59,3,0,0
BRDA:59,3,1,0
BRF:8
BRH:0
end_of_record
TN:
SF:src/layout/BaseLayout.tsx
FN:14,BaseLayout
FNF:1
FNH:0
FNDA:0,BaseLayout
DA:1,0
DA:2,0
DA:4,0
DA:5,0
DA:6,0
DA:14,0
DA:15,0
DA:17,0
LF:8
LH:0
BRDA:26,0,0,0
BRDA:26,0,1,0
BRDA:41,1,0,0
BRDA:41,1,1,0
BRF:4
BRH:0
end_of_record
TN:
SF:src/pages/Home/index.tsx
FN:23,Home
FN:34,(anonymous_1)
FN:41,(anonymous_2)
FN:48,getContacts
FN:65,(anonymous_4)
FN:69,handleDeleteContact
FN:80,(anonymous_6)
FN:81,(anonymous_7)
FN:93,handleSortContacts
FN:149,(anonymous_9)
FNF:10
FNH:0
FNDA:0,Home
FNDA:0,(anonymous_1)
FNDA:0,(anonymous_2)
FNDA:0,getContacts
FNDA:0,(anonymous_4)
FNDA:0,handleDeleteContact
FNDA:0,(anonymous_6)
FNDA:0,(anonymous_7)
FNDA:0,handleSortContacts
FNDA:0,(anonymous_9)
DA:1,0
DA:2,0
DA:4,0
DA:5,0
DA:7,0
DA:8,0
DA:9,0
DA:10,0
DA:11,0
DA:12,0
DA:13,0
DA:15,0
DA:17,0
DA:23,0
DA:24,0
DA:25,0
DA:26,0
DA:27,0
DA:28,0
DA:29,0
DA:34,0
DA:35,0
DA:40,0
DA:42,0
DA:49,0
DA:50,0
DA:52,0
DA:54,0
DA:56,0
DA:61,0
DA:65,0
DA:66,0
DA:70,0
DA:71,0
DA:73,0
DA:75,0
DA:80,0
DA:81,0
DA:84,0
DA:89,0
DA:94,0
DA:97,0
DA:150,0
LF:43
LH:0
BRDA:35,0,0,0
BRDA:35,0,1,0
BRDA:35,1,0,0
BRDA:35,1,1,0
BRDA:36,2,0,0
BRDA:36,2,1,0
BRDA:40,3,0,0
BRDA:40,3,1,0
BRDA:99,4,0,0
BRDA:99,4,1,0
BRDA:103,5,0,0
BRDA:103,5,1,0
BRDA:111,6,0,0
BRDA:111,6,1,0
BRDA:130,7,0,0
BRDA:130,7,1,0
BRDA:132,8,0,0
BRDA:132,8,1,0
BRDA:148,9,0,0
BRDA:148,9,1,0
BRF:20
BRH:0
end_of_record
TN:
SF:src/pages/Register/index.tsx
FN:50,Register
FN:73,(anonymous_1)
FN:74,getContact
FN:96,onSubmit
FNF:4
FNH:0
FNDA:0,Register
FNDA:0,(anonymous_1)
FNDA:0,getContact
FNDA:0,onSubmit
DA:1,0
DA:2,0
DA:3,0
DA:4,0
DA:5,0
DA:6,0
DA:18,0
DA:20,0
DA:21,0
DA:26,0
DA:27,0
DA:29,0
DA:31,0
DA:50,0
DA:51,0
DA:52,0
DA:54,0
DA:55,0
DA:56,0
DA:67,0
DA:73,0
DA:75,0
DA:76,0
DA:77,0
DA:78,0
DA:79,0
DA:83,0
DA:85,0
DA:87,0
DA:91,0
DA:92,0
DA:97,0
DA:98,0
DA:100,0
DA:101,0
DA:108,0
DA:116,0
DA:118,0
DA:123,0
DA:127,0
LF:40
LH:0
BRDA:91,0,0,0
BRDA:100,1,0,0
BRDA:100,1,1,0
BRDA:129,2,0,0
BRDA:129,2,1,0
BRDA:131,3,0,0
BRDA:131,3,1,0
BRDA:162,4,0,0
BRDA:162,4,1,0
BRDA:182,5,0,0
BRDA:182,5,1,0
BRDA:207,6,0,0
BRDA:207,6,1,0
BRDA:235,7,0,0
BRDA:235,7,1,0
BRDA:260,8,0,0
BRDA:260,8,1,0
BRDA:294,9,0,0
BRDA:294,9,1,0
BRF:19
BRH:0
end_of_record
TN:
SF:src/services/api.ts
FNF:0
FNH:0
DA:1,0
DA:3,0
DA:7,0
LF:3
LH:0
BRF:0
BRH:0
end_of_record
TN:
SF:src/styles/theme.ts
FNF:0
FNH:0
DA:1,0
DA:3,0
DA:21,0
LF:3
LH:0
BRF:0
BRH:0
end_of_record
TN:
SF:src/utils/masks/phone.ts
FN:1,(anonymous_0)
FN:6,(anonymous_1)
FN:16,removePhoneMask
FNF:3
FNH:0
FNDA:0,(anonymous_0)
FNDA:0,(anonymous_1)
FNDA:0,removePhoneMask
DA:1,0
DA:2,0
DA:3,0
DA:6,0
DA:7,0
DA:8,0
DA:10,0
DA:11,0
DA:13,0
DA:16,0
DA:17,0
LF:11
LH:0
BRDA:7,0,0,0
BRF:1
BRH:0
end_of_record
